
2024/05/08 10:18:55 [35mC:/Users/ychou/GIN/SkillManager_API/utility/connection.go:40
[0m[31m[error] [0mfailed to initialize database, got error failed to connect to `host=localhost user=postgres database=postgres`: failed SASL auth (FATAL: password authentication failed for user "postgres" (SQLSTATE 28P01))
time="Wed, 08 May 2024 10:18:55 IST" level=panic msg="failed to connect to `host=localhost user=postgres database=postgres`: failed SASL auth (FATAL: password authentication failed for user \"postgres\" (SQLSTATE 28P01))" func=SkillManager_API/utility.DbConnect file="C:/Users/ychou/GIN/SkillManager_API/utility/connection.go:43"
time="Wed, 08 May 2024 10:23:51 IST" level=error msg="Please specify skill name in correct format" func=SkillManager_API/validator.Validator.ValidateSkillName file="C:/Users/ychou/GIN/SkillManager_API/validator/validator.go:73"
time="Wed, 08 May 2024 10:23:51 IST" level=error msg="Please specify skill name in correct format" func=SkillManager_API/controller.SkillController.FindBySkill file="C:/Users/ychou/GIN/SkillManager_API/controller/skill_controller.go:43"
time="Wed, 08 May 2024 10:56:41 IST" level=error msg="Please specify skill name in correct format" func=SkillManager_API/validator.Validator.ValidateSkillName file="C:/Users/ychou/GIN/SkillManager_API/validator/validator.go:73"
time="Wed, 08 May 2024 10:56:41 IST" level=error msg="Key: 'SkillDTO.Id' Error:Field validation for 'Id' failed on the 'required' tag\nKey: 'SkillDTO.SkillName' Error:Field validation for 'SkillName' failed on the 'required' tag" func=SkillManager_API/middleware.ErrorHandler file="C:/Users/ychou/GIN/SkillManager_API/middleware/error_handler.go:45"
time="Wed, 08 May 2024 11:41:03 IST" level=error msg="Please specify skill name in correct format" func=SkillManager_API/validator.Validator.ValidateSkillName file="C:/Users/ychou/GIN/SkillManager_API/validator/validator.go:73"
time="Wed, 08 May 2024 11:41:03 IST" level=error msg="Key: 'SkillDTO.Id' Error:Field validation for 'Id' failed on the 'required' tag\nKey: 'SkillDTO.SkillName' Error:Field validation for 'SkillName' failed on the 'required' tag" func=SkillManager_API/middleware.ErrorHandler file="C:/Users/ychou/GIN/SkillManager_API/middleware/error_handler.go:45"
time="Wed, 08 May 2024 11:41:11 IST" level=error msg="Please specify skill name in correct format" func=SkillManager_API/validator.Validator.ValidateSkillName file="C:/Users/ychou/GIN/SkillManager_API/validator/validator.go:73"
time="Wed, 08 May 2024 11:41:11 IST" level=error msg="Key: 'SkillDTO.Id' Error:Field validation for 'Id' failed on the 'required' tag\nKey: 'SkillDTO.SkillName' Error:Field validation for 'SkillName' failed on the 'required' tag" func=SkillManager_API/middleware.ErrorHandler file="C:/Users/ychou/GIN/SkillManager_API/middleware/error_handler.go:45"
time="Wed, 08 May 2024 11:59:01 IST" level=error msg="Please specify skill name in correct format" func=SkillManager_API/validator.Validator.ValidateSkillName file="C:/Users/ychou/GIN/SkillManager_API/validator/validator.go:73"
time="Wed, 08 May 2024 11:59:01 IST" level=error msg="Key: 'SkillDTO.Id' Error:Field validation for 'Id' failed on the 'required' tag" func=SkillManager_API/middleware.ErrorHandler file="C:/Users/ychou/GIN/SkillManager_API/middleware/error_handler.go:45"
time="Wed, 08 May 2024 11:59:13 IST" level=error msg="Please specify skill name in correct format" func=SkillManager_API/validator.Validator.ValidateSkillName file="C:/Users/ychou/GIN/SkillManager_API/validator/validator.go:73"
time="Wed, 08 May 2024 11:59:13 IST" level=error msg="Key: 'SkillDTO.Id' Error:Field validation for 'Id' failed on the 'required' tag" func=SkillManager_API/middleware.ErrorHandler file="C:/Users/ychou/GIN/SkillManager_API/middleware/error_handler.go:45"
time="Wed, 08 May 2024 12:00:04 IST" level=info msg="New Skill created with the name: Golang" func=SkillManager_API/controller.SkillController.CreateSkill file="C:/Users/ychou/GIN/SkillManager_API/controller/skill_controller.go:67"
time="Wed, 08 May 2024 12:05:45 IST" level=info msg="Skill found with the name: Golang" func=SkillManager_API/controller.SkillController.FindBySkill file="C:/Users/ychou/GIN/SkillManager_API/controller/skill_controller.go:48"
time="Wed, 08 May 2024 12:06:10 IST" level=info msg="Skill found with the name: Golang" func=SkillManager_API/controller.SkillController.FindBySkill file="C:/Users/ychou/GIN/SkillManager_API/controller/skill_controller.go:48"
time="Wed, 08 May 2024 12:06:19 IST" level=info msg="Skill found with the name: Java" func=SkillManager_API/controller.SkillController.FindBySkill file="C:/Users/ychou/GIN/SkillManager_API/controller/skill_controller.go:48"
time="Wed, 08 May 2024 12:06:27 IST" level=info msg="Skill found with the name: Go" func=SkillManager_API/controller.SkillController.FindBySkill file="C:/Users/ychou/GIN/SkillManager_API/controller/skill_controller.go:48"
time="Wed, 08 May 2024 12:07:37 IST" level=info msg="Skill found with the name: Angular" func=SkillManager_API/controller.SkillController.FindBySkill file="C:/Users/ychou/GIN/SkillManager_API/controller/skill_controller.go:48"
time="Wed, 08 May 2024 12:18:47 IST" level=info msg="Skill found with the name: Angular" func=SkillManager_API/controller.SkillController.FindBySkill file="C:/Users/ychou/GIN/SkillManager_API/controller/skill_controller.go:48"
time="Wed, 08 May 2024 12:19:04 IST" level=info msg="Skill found with the name: Java" func=SkillManager_API/controller.SkillController.FindBySkill file="C:/Users/ychou/GIN/SkillManager_API/controller/skill_controller.go:48"
time="Wed, 08 May 2024 12:39:55 IST" level=info msg="Skill found with the name: Java" func=SkillManager_API/controller.SkillController.FindBySkill file="C:/Users/ychou/GIN/SkillManager_API/controller/skill_controller.go:48"
time="Wed, 08 May 2024 12:50:14 IST" level=info msg="Skill found with the name: Java" func=SkillManager_API/controller.SkillController.FindBySkill file="C:/Users/ychou/GIN/SkillManager_API/controller/skill_controller.go:48"
time="Wed, 08 May 2024 12:50:17 IST" level=info msg="Skill found with the name: Java" func=SkillManager_API/controller.SkillController.FindBySkill file="C:/Users/ychou/GIN/SkillManager_API/controller/skill_controller.go:48"
time="Wed, 08 May 2024 12:53:53 IST" level=info msg="Skill found with the name: Java" func=SkillManager_API/controller.SkillController.FindBySkill file="C:/Users/ychou/GIN/SkillManager_API/controller/skill_controller.go:48"
time="Wed, 08 May 2024 12:53:58 IST" level=info msg="Skill found with the name: Java" func=SkillManager_API/controller.SkillController.FindBySkill file="C:/Users/ychou/GIN/SkillManager_API/controller/skill_controller.go:48"
time="Wed, 08 May 2024 12:55:17 IST" level=info msg="Skill found with the name: Golang" func=SkillManager_API/controller.SkillController.FindBySkill file="C:/Users/ychou/GIN/SkillManager_API/controller/skill_controller.go:48"
time="Wed, 08 May 2024 14:59:51 IST" level=info msg="Skill found with the name: Angular" func=SkillManager_API/controller.SkillController.FindBySkill file="C:/Users/ychou/GIN/SkillManager_API/controller/skill_controller.go:48"

2024/05/08 15:02:46 [31;1mC:/Users/ychou/GIN/SkillManager_API/repository/skill_repository.go:21 [35;1mERROR: duplicate key value violates unique constraint "skill_pkey" (SQLSTATE 23505)
[0m[33m[25.807ms] [34;1m[rows:0][0m INSERT INTO "skillz_db"."skill" ("skill_name","category","id") VALUES ('Angular','Frontend',3) RETURNING "id"
time="Wed, 08 May 2024 15:02:46 IST" level=error msg="Problem occured while creating skill" func=SkillManager_API/service.SkillService.CreateSkill file="C:/Users/ychou/GIN/SkillManager_API/service/skill_service.go:57"
time="Wed, 08 May 2024 16:22:20 IST" level=info msg="Skill found with the name: Java" func=SkillManager_API/controller.SkillController.FindBySkill file="C:/Users/ychou/GIN/SkillManager_API/controller/skill_controller.go:48"
time="Wed, 08 May 2024 18:07:22 IST" level=info msg="Skill found with the name: Go" func=SkillManager_API/controller.SkillController.FindBySkill file="C:/Users/ychou/GIN/SkillManager_API/controller/skill_controller.go:48"
time="Wed, 08 May 2024 18:22:49 IST" level=error msg="Key: 'EmployeeDTO.EmpId' Error:Field validation for 'EmpId' failed on the 'required' tag\nKey: 'EmployeeDTO.Name' Error:Field validation for 'Name' failed on the 'required' tag\nKey: 'EmployeeDTO.SkillLevel' Error:Field validation for 'SkillLevel' failed on the 'required' tag\nKey: 'EmployeeDTO.SkillId' Error:Field validation for 'SkillId' failed on the 'required' tag" func=SkillManager_API/middleware.ErrorHandler file="C:/Users/ychou/GIN/SkillManager_API/middleware/error_handler.go:45"
time="Wed, 08 May 2024 18:41:29 IST" level=error msg="Key: 'EmployeeDTO.SkillId' Error:Field validation for 'SkillId' failed on the 'lte' tag" func=SkillManager_API/middleware.ErrorHandler file="C:/Users/ychou/GIN/SkillManager_API/middleware/error_handler.go:45"
time="Wed, 08 May 2024 18:41:55 IST" level=error msg="Please specify employee name in correct format" func=SkillManager_API/validator.Validator.ValidateEmployeeName file="C:/Users/ychou/GIN/SkillManager_API/validator/validator.go:117"
time="Wed, 08 May 2024 18:41:55 IST" level=info msg="Error occured while adding Employee to the Skill: Java" func=SkillManager_API/controller.SkillController.AddEmployeeToSkill file="C:/Users/ychou/GIN/SkillManager_API/controller/skill_controller.go:116"
time="Thu, 09 May 2024 08:57:59 IST" level=error msg="Please specify employee name in correct format" func=SkillManager_API/validator.Validator.ValidateEmployeeName file="C:/Users/ychou/GIN/SkillManager_API/validator/validator.go:117"
time="Thu, 09 May 2024 08:57:59 IST" level=info msg="Error occured while adding Employee to the Skill: Java" func=SkillManager_API/controller.SkillController.AddEmployeeToSkill file="C:/Users/ychou/GIN/SkillManager_API/controller/skill_controller.go:109"
time="Thu, 09 May 2024 09:26:05 IST" level=error msg="Please specify employee name in correct format" func=SkillManager_API/validator.Validator.ValidateEmployeeName file="C:/Users/ychou/GIN/SkillManager_API/validator/validator.go:117"
time="Thu, 09 May 2024 09:26:05 IST" level=info msg="Error occured while adding Employee to the Skill: Golang" func=SkillManager_API/controller.SkillController.AddEmployeeToSkill file="C:/Users/ychou/GIN/SkillManager_API/controller/skill_controller.go:109"
time="Thu, 09 May 2024 09:42:04 IST" level=error msg="Please specify skill level in correct format" func=SkillManager_API/validator.Validator.ValidateEmployeeLevel file="C:/Users/ychou/GIN/SkillManager_API/validator/validator.go:103"
time="Thu, 09 May 2024 09:43:54 IST" level=error msg="Please specify employee name in correct format" func=SkillManager_API/validator.Validator.ValidateEmployeeName file="C:/Users/ychou/GIN/SkillManager_API/validator/validator.go:117"
time="Thu, 09 May 2024 09:43:54 IST" level=info msg="Error occured while adding Employee to the Skill: Golang" func=SkillManager_API/controller.SkillController.AddEmployeeToSkill file="C:/Users/ychou/GIN/SkillManager_API/controller/skill_controller.go:109"

2024/05/09 09:47:16 [31;1mC:/Users/ychou/GIN/SkillManager_API/repository/skill_repository.go:45 [35;1mERROR: column "emp_id" of relation "employee" does not exist (SQLSTATE 42703)
[0m[33m[8.712ms] [34;1m[rows:0][0m INSERT INTO "skillz_db"."employee" ("employee_name","age","skill_level","skill_id","emp_id") VALUES ('Yogesh Choudhar',30,'INTERMEDIATE',4,12) ON CONFLICT ("emp_id") DO UPDATE SET "employee_name"="excluded"."employee_name","age"="excluded"."age","skill_level"="excluded"."skill_level","skill_id"="excluded"."skill_id" RETURNING "emp_id"

2024/05/09 09:47:16 [31;1mC:/Users/ychou/GIN/SkillManager_API/repository/skill_repository.go:45 [35;1mERROR: column "emp_id" of relation "employee" does not exist (SQLSTATE 42703)
[0m[33m[27.044ms] [34;1m[rows:1][0m UPDATE "skillz_db"."skill" SET "skill_name"='Golang',"category"='Backend' WHERE "id" = 4
time="Thu, 09 May 2024 09:47:16 IST" level=error msg="Unable to add employee to the skill" func=SkillManager_API/service.SkillService.AddEmployeeToSkill file="C:/Users/ychou/GIN/SkillManager_API/service/skill_service.go:121"
time="Thu, 09 May 2024 09:47:16 IST" level=info msg="Error occured while adding Employee to the Skill: Golang" func=SkillManager_API/controller.SkillController.AddEmployeeToSkill file="C:/Users/ychou/GIN/SkillManager_API/controller/skill_controller.go:109"
time="Thu, 09 May 2024 10:01:46 IST" level=error msg="Key: 'EmployeeDTO.EmpId' Error:Field validation for 'EmpId' failed on the 'required' tag" func=SkillManager_API/middleware.ErrorHandler file="C:/Users/ychou/GIN/SkillManager_API/middleware/error_handler.go:45"
time="Thu, 09 May 2024 10:10:10 IST" level=error msg="Key: 'EmployeeDTO.EmpId' Error:Field validation for 'EmpId' failed on the 'gte' tag" func=SkillManager_API/middleware.ErrorHandler file="C:/Users/ychou/GIN/SkillManager_API/middleware/error_handler.go:45"
time="Thu, 09 May 2024 10:11:24 IST" level=error msg="Key: 'EmployeeDTO.EmpId' Error:Field validation for 'EmpId' failed on the 'gte' tag" func=SkillManager_API/middleware.ErrorHandler file="C:/Users/ychou/GIN/SkillManager_API/middleware/error_handler.go:45"

2024/05/09 10:13:06 [31;1mC:/Users/ychou/GIN/SkillManager_API/repository/skill_repository.go:45 [35;1mERROR: column "emp_id" does not exist (SQLSTATE 42703)
[0m[33m[9.767ms] [34;1m[rows:0][0m INSERT INTO "skillz_db"."employee" ("employee_name","age","skill_level","skill_id") VALUES ('Yogesh Choudhar',30,'INTERMEDIATE',4) ON CONFLICT ("emp_id") DO UPDATE SET "employee_name"="excluded"."employee_name","age"="excluded"."age","skill_level"="excluded"."skill_level","skill_id"="excluded"."skill_id" RETURNING "emp_id"

2024/05/09 10:13:06 [31;1mC:/Users/ychou/GIN/SkillManager_API/repository/skill_repository.go:45 [35;1mERROR: column "emp_id" does not exist (SQLSTATE 42703)
[0m[33m[17.572ms] [34;1m[rows:1][0m UPDATE "skillz_db"."skill" SET "skill_name"='Golang',"category"='Backend' WHERE "id" = 4
time="Thu, 09 May 2024 10:13:06 IST" level=error msg="Unable to add employee to the skill" func=SkillManager_API/service.SkillService.AddEmployeeToSkill file="C:/Users/ychou/GIN/SkillManager_API/service/skill_service.go:121"
time="Thu, 09 May 2024 10:13:06 IST" level=info msg="Error occured while adding Employee to the Skill: Golang" func=SkillManager_API/controller.SkillController.AddEmployeeToSkill file="C:/Users/ychou/GIN/SkillManager_API/controller/skill_controller.go:109"

2024/05/09 10:33:46 [31;1mC:/Users/ychou/GIN/SkillManager_API/repository/skill_repository.go:67 [35;1mERROR: column employee.emp_id does not exist (SQLSTATE 42703)
[0m[33m[10.365ms] [34;1m[rows:0][0m UPDATE "skillz_db"."employee" SET "skill_id"=NULL WHERE "skillz_db"."employee"."skill_id" = 2 AND "skillz_db"."employee"."emp_id" IN (NULL)
time="Thu, 09 May 2024 10:33:46 IST" level=error msg="Error occured while deleting association between skill and employee" func=SkillManager_API/service.SkillService.DeleteSkill file="C:/Users/ychou/GIN/SkillManager_API/service/skill_service.go:199"
time="Thu, 09 May 2024 10:33:46 IST" level=error msg="Error Occurred while Deleting Skill with name: Go" func=SkillManager_API/controller.SkillController.DeleteSkill file="C:/Users/ychou/GIN/SkillManager_API/controller/skill_controller.go:81"

2024/05/09 10:55:41 [31;1mC:/Users/ychou/GIN/SkillManager_API/repository/skill_repository.go:51 [35;1mERROR: column "emp_id" does not exist (SQLSTATE 42703)
[0m[33m[5.837ms] [34;1m[rows:0][0m INSERT INTO "skillz_db"."employee" ("employee_name","age","skill_level","skill_id") VALUES ('Yogesh Choudhar',30,'INTERMEDIATE',4) ON CONFLICT ("emp_id") DO UPDATE SET "employee_name"="excluded"."employee_name","age"="excluded"."age","skill_level"="excluded"."skill_level","skill_id"="excluded"."skill_id" RETURNING "emp_id"

2024/05/09 10:55:41 [31;1mC:/Users/ychou/GIN/SkillManager_API/repository/skill_repository.go:51 [35;1mERROR: column "emp_id" does not exist (SQLSTATE 42703)
[0m[33m[10.589ms] [34;1m[rows:1][0m UPDATE "skillz_db"."skill" SET "skill_name"='Golang',"category"='Backend' WHERE "id" = 4
time="Thu, 09 May 2024 10:55:41 IST" level=error msg="Unable to add employee to the skill" func=SkillManager_API/service.SkillService.AddEmployeeToSkill file="C:/Users/ychou/GIN/SkillManager_API/service/skill_service.go:121"
time="Thu, 09 May 2024 10:55:41 IST" level=info msg="Error occured while adding Employee to the Skill: Golang" func=SkillManager_API/controller.SkillController.AddEmployeeToSkill file="C:/Users/ychou/GIN/SkillManager_API/controller/skill_controller.go:109"
time="Thu, 09 May 2024 11:09:57 IST" level=error msg="Please specify employee name in correct format" func=SkillManager_API/validator.Validator.ValidateEmployeeName file="C:/Users/ychou/GIN/SkillManager_API/validator/validator.go:117"
time="Thu, 09 May 2024 11:09:57 IST" level=error msg="Please specify employee name in correct format" func=SkillManager_API/controller.SkillController.DeleteEmployeeFromSkill file="C:/Users/ychou/GIN/SkillManager_API/controller/skill_controller.go:129"
time="Thu, 09 May 2024 11:13:19 IST" level=error msg="Please specify employee name in correct format" func=SkillManager_API/validator.Validator.ValidateEmployeeName file="C:/Users/ychou/GIN/SkillManager_API/validator/validator.go:117"
time="Thu, 09 May 2024 11:13:19 IST" level=error msg="Please specify employee name in correct format" func=SkillManager_API/controller.SkillController.DeleteEmployeeFromSkill file="C:/Users/ychou/GIN/SkillManager_API/controller/skill_controller.go:129"
time="Thu, 09 May 2024 11:23:43 IST" level=error msg="Key: 'EmployeeDTO.Name' Error:Field validation for 'Name' failed on the 'required' tag\nKey: 'EmployeeDTO.Age' Error:Field validation for 'Age' failed on the 'required' tag\nKey: 'EmployeeDTO.SkillLevel' Error:Field validation for 'SkillLevel' failed on the 'required' tag\nKey: 'EmployeeDTO.SkillId' Error:Field validation for 'SkillId' failed on the 'required' tag" func=SkillManager_API/middleware.ErrorHandler file="C:/Users/ychou/GIN/SkillManager_API/middleware/error_handler.go:45"
